2025-10-25 16:37:47,508 [Worker-6: Loading available Gradle versions] INFO  o.e.b.c.i.u.g.PublishedGradleVersions - Gradle version information cache is not available. Remote download required.
2025-10-25 16:38:54,815 [Worker-13: Building] INFO  o.e.m.c.i.l.LifecycleMappingFactory - Using org.eclipse.m2e.jdt.JarLifecycleMapping lifecycle mapping for MavenProject: com.loyalty:loyalty-os:0.0.1-SNAPSHOT @ /Users/johnnytelles/Desktop/Restaurant-App/Q-Chingon-App/loyalty-os/pom.xml.
2025-10-25 16:38:56,875 [Worker-13: Building] INFO  o.a.m.s.f.DefaultMavenResourcesFiltering - Copying 1 resource from src/main/resources to target/classes
2025-10-25 16:38:56,895 [Worker-13: Building] INFO  o.a.m.s.f.DefaultMavenResourcesFiltering - Copying 0 resource from src/main/resources to target/classes
2025-10-25 16:38:56,903 [Worker-13: Building] INFO  o.a.m.s.f.DefaultMavenResourcesFiltering - skip non existing resourceDirectory /Users/johnnytelles/Desktop/Restaurant-App/Q-Chingon-App/loyalty-os/src/test/resources
2025-10-25 16:38:59,044 [Worker-0: Building] INFO  o.a.m.s.f.DefaultMavenResourcesFiltering - Copying 1 resource from src/main/resources to target/classes
2025-10-25 16:38:59,051 [Worker-0: Building] INFO  o.a.m.s.f.DefaultMavenResourcesFiltering - Copying 0 resource from src/main/resources to target/classes
2025-10-25 16:38:59,058 [Worker-0: Building] INFO  o.a.m.s.f.DefaultMavenResourcesFiltering - skip non existing resourceDirectory /Users/johnnytelles/Desktop/Restaurant-App/Q-Chingon-App/loyalty-os/src/test/resources
2025-10-26 13:15:40,620 [Worker-12: Loading available Gradle versions] INFO  o.e.b.c.i.u.g.PublishedGradleVersions - Gradle version information cache is up-to-date. Trying to read.
2025-10-26 13:17:51,714 [Worker-9: Loading available Gradle versions] INFO  o.e.b.c.i.u.g.PublishedGradleVersions - Gradle version information cache is up-to-date. Trying to read.
2025-10-26 13:22:04,677 [Worker-0: Updating Maven Project] INFO  o.e.m.c.i.p.ProjectConfigurationManager - Update started
2025-10-26 13:22:08,150 [Worker-0: Updating Maven Project] INFO  o.e.m.c.i.l.LifecycleMappingFactory - Using org.eclipse.m2e.jdt.JarLifecycleMapping lifecycle mapping for MavenProject: com.loyalty:loyalty-os:0.0.1-SNAPSHOT @ /Users/johnnytelles/Desktop/Q-Chingon-App/loyalty-os/pom.xml.
2025-10-26 13:22:09,769 [Worker-0: Updating Maven Project] INFO  o.e.m.j.i.AbstractJavaProjectConfigurator - Adding source folder /loyalty-os/src/main/java
2025-10-26 13:22:09,781 [Worker-0: Updating Maven Project] INFO  o.e.m.j.i.AbstractJavaProjectConfigurator - Adding resource folder /loyalty-os/src/main/resources
2025-10-26 13:22:09,782 [Worker-0: Updating Maven Project] INFO  o.e.m.j.i.AbstractJavaProjectConfigurator - Adding resource folder /loyalty-os/src/main/resources
2025-10-26 13:22:09,787 [Worker-0: Updating Maven Project] INFO  o.e.m.j.i.AbstractJavaProjectConfigurator - Adding source folder /loyalty-os/src/test/java
2025-10-26 13:22:09,788 [Worker-0: Updating Maven Project] INFO  o.e.m.j.i.AbstractJavaProjectConfigurator - Adding resource folder /loyalty-os/src/test/resources
2025-10-26 13:22:10,639 [Worker-0: Updating Maven Project] INFO  o.e.m.c.i.p.ProjectConfigurationManager - Update completed for 1 poms: local refresh takes 0.00 sec, refresh facades takes 4.00 sec, update config takes 1.00 sec 
2025-10-26 13:22:13,076 [Worker-7: Building] INFO  o.a.m.s.f.DefaultMavenResourcesFiltering - Copying 1 resource from src/main/resources to target/classes
2025-10-26 13:22:13,097 [Worker-7: Building] INFO  o.a.m.s.f.DefaultMavenResourcesFiltering - Copying 0 resource from src/main/resources to target/classes
2025-10-26 13:22:13,104 [Worker-7: Building] INFO  o.a.m.s.f.DefaultMavenResourcesFiltering - skip non existing resourceDirectory /Users/johnnytelles/Desktop/Q-Chingon-App/loyalty-os/src/test/resources
2025-10-26 13:22:40,945 [Worker-19: Updating Maven Project] INFO  o.e.m.c.i.p.ProjectConfigurationManager - Update started
2025-10-26 13:22:41,404 [Worker-19: Updating Maven Project] INFO  o.e.m.c.i.l.LifecycleMappingFactory - Using org.eclipse.m2e.jdt.JarLifecycleMapping lifecycle mapping for MavenProject: com.loyalty:loyalty-os:0.0.1-SNAPSHOT @ /Users/johnnytelles/Desktop/Q-Chingon-App/loyalty-os/pom.xml.
2025-10-26 13:22:42,736 [Worker-19: Updating Maven Project] INFO  o.e.m.j.i.AbstractJavaProjectConfigurator - Adding source folder /loyalty-os/src/main/java
2025-10-26 13:22:42,741 [Worker-19: Updating Maven Project] INFO  o.e.m.j.i.AbstractJavaProjectConfigurator - Adding resource folder /loyalty-os/src/main/resources
2025-10-26 13:22:42,742 [Worker-19: Updating Maven Project] INFO  o.e.m.j.i.AbstractJavaProjectConfigurator - Adding resource folder /loyalty-os/src/main/resources
2025-10-26 13:22:42,742 [Worker-19: Updating Maven Project] INFO  o.e.m.j.i.AbstractJavaProjectConfigurator - Adding source folder /loyalty-os/src/test/java
2025-10-26 13:22:42,743 [Worker-19: Updating Maven Project] INFO  o.e.m.j.i.AbstractJavaProjectConfigurator - Adding resource folder /loyalty-os/src/test/resources
2025-10-26 13:22:43,182 [Worker-19: Updating Maven Project] INFO  o.e.m.c.i.p.ProjectConfigurationManager - Update completed for 1 poms: local refresh takes 0.00 sec, refresh facades takes 1.00 sec, update config takes 0.00 sec 
2025-10-26 13:22:45,629 [Worker-19: Building] INFO  o.a.m.s.f.DefaultMavenResourcesFiltering - Copying 1 resource from src/main/resources to target/classes
2025-10-26 13:22:45,652 [Worker-19: Building] INFO  o.a.m.s.f.DefaultMavenResourcesFiltering - Copying 0 resource from src/main/resources to target/classes
2025-10-26 13:22:45,669 [Worker-19: Building] INFO  o.a.m.s.f.DefaultMavenResourcesFiltering - skip non existing resourceDirectory /Users/johnnytelles/Desktop/Q-Chingon-App/loyalty-os/src/test/resources
2025-10-26 13:24:38,380 [Worker-11: Building] INFO  o.a.m.s.f.DefaultMavenResourcesFiltering - Copying 0 resource from src/main/resources to target/classes
2025-10-26 13:24:38,382 [Worker-11: Building] INFO  o.a.m.s.f.DefaultMavenResourcesFiltering - Copying 0 resource from src/main/resources to target/classes
2025-10-26 13:24:38,422 [Worker-11: Building] INFO  o.a.m.s.f.DefaultMavenResourcesFiltering - Copying 0 resource from src/test/resources to target/test-classes
2025-10-26 13:24:53,615 [Worker-1: Building] INFO  o.a.m.s.f.DefaultMavenResourcesFiltering - Copying 0 resource from src/main/resources to target/classes
2025-10-26 13:24:53,619 [Worker-1: Building] INFO  o.a.m.s.f.DefaultMavenResourcesFiltering - Copying 0 resource from src/main/resources to target/classes
2025-10-26 13:24:53,624 [Worker-1: Building] INFO  o.a.m.s.f.DefaultMavenResourcesFiltering - Copying 0 resource from src/test/resources to target/test-classes
2025-10-26 13:25:01,224 [Worker-16: Building] INFO  o.a.m.s.f.DefaultMavenResourcesFiltering - Copying 0 resource from src/main/resources to target/classes
2025-10-26 13:25:01,229 [Worker-16: Building] INFO  o.a.m.s.f.DefaultMavenResourcesFiltering - Copying 0 resource from src/main/resources to target/classes
2025-10-26 13:25:01,232 [Worker-16: Building] INFO  o.a.m.s.f.DefaultMavenResourcesFiltering - Copying 0 resource from src/test/resources to target/test-classes
2025-10-26 13:25:17,773 [Worker-11: Launching Executing clean in _Users_johnnytelles_Desktop_Q-Chingon-App_loyalty-os] INFO  o.eclipse.m2e.core.internal.Bundles - getClasspathEntries(Bundle=org.eclipse.m2e.maven.runtime_3.9.900.20250220-2013 [297])
2025-10-26 13:25:17,779 [Worker-11: Launching Executing clean in _Users_johnnytelles_Desktop_Q-Chingon-App_loyalty-os] INFO  o.eclipse.m2e.core.internal.Bundles - 	Entry: /Users/johnnytelles/.p2/pool/plugins/org.eclipse.m2e.maven.runtime_3.9.900.20250220-2013
2025-10-26 13:25:17,780 [Worker-11: Launching Executing clean in _Users_johnnytelles_Desktop_Q-Chingon-App_loyalty-os] INFO  o.eclipse.m2e.core.internal.Bundles - 	Entry: /Users/johnnytelles/.p2/pool/plugins/org.eclipse.m2e.maven.runtime_3.9.900.20250220-2013/jars/aopalliance-1.0.jar
2025-10-26 13:25:17,781 [Worker-11: Launching Executing clean in _Users_johnnytelles_Desktop_Q-Chingon-App_loyalty-os] INFO  o.eclipse.m2e.core.internal.Bundles - 	Entry: /Users/johnnytelles/.p2/pool/plugins/org.eclipse.m2e.maven.runtime_3.9.900.20250220-2013/jars/guice-5.1.0.jar
2025-10-26 13:25:17,782 [Worker-11: Launching Executing clean in _Users_johnnytelles_Desktop_Q-Chingon-App_loyalty-os] INFO  o.eclipse.m2e.core.internal.Bundles - 	Entry: /Users/johnnytelles/.p2/pool/plugins/org.eclipse.m2e.maven.runtime_3.9.900.20250220-2013/jars/httpclient-4.5.14.jar
2025-10-26 13:25:17,782 [Worker-11: Launching Executing clean in _Users_johnnytelles_Desktop_Q-Chingon-App_loyalty-os] INFO  o.eclipse.m2e.core.internal.Bundles - 	Entry: /Users/johnnytelles/.p2/pool/plugins/org.eclipse.m2e.maven.runtime_3.9.900.20250220-2013/jars/httpcore-4.4.16.jar
2025-10-26 13:25:17,782 [Worker-11: Launching Executing clean in _Users_johnnytelles_Desktop_Q-Chingon-App_loyalty-os] INFO  o.eclipse.m2e.core.internal.Bundles - 	Entry: /Users/johnnytelles/.p2/pool/plugins/org.eclipse.m2e.maven.runtime_3.9.900.20250220-2013/jars/jansi-2.4.1.jar
2025-10-26 13:25:17,782 [Worker-11: Launching Executing clean in _Users_johnnytelles_Desktop_Q-Chingon-App_loyalty-os] INFO  o.eclipse.m2e.core.internal.Bundles - 	Entry: /Users/johnnytelles/.p2/pool/plugins/org.eclipse.m2e.maven.runtime_3.9.900.20250220-2013/jars/jcl-over-slf4j-1.7.36.jar
2025-10-26 13:25:17,782 [Worker-11: Launching Executing clean in _Users_johnnytelles_Desktop_Q-Chingon-App_loyalty-os] INFO  o.eclipse.m2e.core.internal.Bundles - 	Entry: /Users/johnnytelles/.p2/pool/plugins/org.eclipse.m2e.maven.runtime_3.9.900.20250220-2013/jars/maven-artifact-3.9.9.jar
2025-10-26 13:25:17,782 [Worker-11: Launching Executing clean in _Users_johnnytelles_Desktop_Q-Chingon-App_loyalty-os] INFO  o.eclipse.m2e.core.internal.Bundles - 	Entry: /Users/johnnytelles/.p2/pool/plugins/org.eclipse.m2e.maven.runtime_3.9.900.20250220-2013/jars/maven-builder-support-3.9.9.jar
2025-10-26 13:25:17,782 [Worker-11: Launching Executing clean in _Users_johnnytelles_Desktop_Q-Chingon-App_loyalty-os] INFO  o.eclipse.m2e.core.internal.Bundles - 	Entry: /Users/johnnytelles/.p2/pool/plugins/org.eclipse.m2e.maven.runtime_3.9.900.20250220-2013/jars/maven-compat-3.9.9.jar
2025-10-26 13:25:17,782 [Worker-11: Launching Executing clean in _Users_johnnytelles_Desktop_Q-Chingon-App_loyalty-os] INFO  o.eclipse.m2e.core.internal.Bundles - 	Entry: /Users/johnnytelles/.p2/pool/plugins/org.eclipse.m2e.maven.runtime_3.9.900.20250220-2013/jars/maven-core-3.9.9.jar
2025-10-26 13:25:17,782 [Worker-11: Launching Executing clean in _Users_johnnytelles_Desktop_Q-Chingon-App_loyalty-os] INFO  o.eclipse.m2e.core.internal.Bundles - 	Entry: /Users/johnnytelles/.p2/pool/plugins/org.eclipse.m2e.maven.runtime_3.9.900.20250220-2013/jars/maven-embedder-3.9.9.jar
2025-10-26 13:25:17,782 [Worker-11: Launching Executing clean in _Users_johnnytelles_Desktop_Q-Chingon-App_loyalty-os] INFO  o.eclipse.m2e.core.internal.Bundles - 	Entry: /Users/johnnytelles/.p2/pool/plugins/org.eclipse.m2e.maven.runtime_3.9.900.20250220-2013/jars/maven-model-3.9.9.jar
2025-10-26 13:25:17,782 [Worker-11: Launching Executing clean in _Users_johnnytelles_Desktop_Q-Chingon-App_loyalty-os] INFO  o.eclipse.m2e.core.internal.Bundles - 	Entry: /Users/johnnytelles/.p2/pool/plugins/org.eclipse.m2e.maven.runtime_3.9.900.20250220-2013/jars/maven-model-builder-3.9.9.jar
2025-10-26 13:25:17,783 [Worker-11: Launching Executing clean in _Users_johnnytelles_Desktop_Q-Chingon-App_loyalty-os] INFO  o.eclipse.m2e.core.internal.Bundles - 	Entry: /Users/johnnytelles/.p2/pool/plugins/org.eclipse.m2e.maven.runtime_3.9.900.20250220-2013/jars/maven-plugin-api-3.9.9.jar
2025-10-26 13:25:17,783 [Worker-11: Launching Executing clean in _Users_johnnytelles_Desktop_Q-Chingon-App_loyalty-os] INFO  o.eclipse.m2e.core.internal.Bundles - 	Entry: /Users/johnnytelles/.p2/pool/plugins/org.eclipse.m2e.maven.runtime_3.9.900.20250220-2013/jars/maven-repository-metadata-3.9.9.jar
2025-10-26 13:25:17,783 [Worker-11: Launching Executing clean in _Users_johnnytelles_Desktop_Q-Chingon-App_loyalty-os] INFO  o.eclipse.m2e.core.internal.Bundles - 	Entry: /Users/johnnytelles/.p2/pool/plugins/org.eclipse.m2e.maven.runtime_3.9.900.20250220-2013/jars/maven-resolver-api-1.9.22.jar
2025-10-26 13:25:17,785 [Worker-11: Launching Executing clean in _Users_johnnytelles_Desktop_Q-Chingon-App_loyalty-os] INFO  o.eclipse.m2e.core.internal.Bundles - 	Entry: /Users/johnnytelles/.p2/pool/plugins/org.eclipse.m2e.maven.runtime_3.9.900.20250220-2013/jars/maven-resolver-connector-basic-1.9.22.jar
2025-10-26 13:25:17,785 [Worker-11: Launching Executing clean in _Users_johnnytelles_Desktop_Q-Chingon-App_loyalty-os] INFO  o.eclipse.m2e.core.internal.Bundles - 	Entry: /Users/johnnytelles/.p2/pool/plugins/org.eclipse.m2e.maven.runtime_3.9.900.20250220-2013/jars/maven-resolver-impl-1.9.22.jar
2025-10-26 13:25:17,785 [Worker-11: Launching Executing clean in _Users_johnnytelles_Desktop_Q-Chingon-App_loyalty-os] INFO  o.eclipse.m2e.core.internal.Bundles - 	Entry: /Users/johnnytelles/.p2/pool/plugins/org.eclipse.m2e.maven.runtime_3.9.900.20250220-2013/jars/maven-resolver-named-locks-1.9.22.jar
2025-10-26 13:25:17,785 [Worker-11: Launching Executing clean in _Users_johnnytelles_Desktop_Q-Chingon-App_loyalty-os] INFO  o.eclipse.m2e.core.internal.Bundles - 	Entry: /Users/johnnytelles/.p2/pool/plugins/org.eclipse.m2e.maven.runtime_3.9.900.20250220-2013/jars/maven-resolver-provider-3.9.9.jar
2025-10-26 13:25:17,786 [Worker-11: Launching Executing clean in _Users_johnnytelles_Desktop_Q-Chingon-App_loyalty-os] INFO  o.eclipse.m2e.core.internal.Bundles - 	Entry: /Users/johnnytelles/.p2/pool/plugins/org.eclipse.m2e.maven.runtime_3.9.900.20250220-2013/jars/maven-resolver-spi-1.9.22.jar
2025-10-26 13:25:17,786 [Worker-11: Launching Executing clean in _Users_johnnytelles_Desktop_Q-Chingon-App_loyalty-os] INFO  o.eclipse.m2e.core.internal.Bundles - 	Entry: /Users/johnnytelles/.p2/pool/plugins/org.eclipse.m2e.maven.runtime_3.9.900.20250220-2013/jars/maven-resolver-transport-file-1.9.22.jar
2025-10-26 13:25:17,786 [Worker-11: Launching Executing clean in _Users_johnnytelles_Desktop_Q-Chingon-App_loyalty-os] INFO  o.eclipse.m2e.core.internal.Bundles - 	Entry: /Users/johnnytelles/.p2/pool/plugins/org.eclipse.m2e.maven.runtime_3.9.900.20250220-2013/jars/maven-resolver-transport-http-1.9.22.jar
2025-10-26 13:25:17,786 [Worker-11: Launching Executing clean in _Users_johnnytelles_Desktop_Q-Chingon-App_loyalty-os] INFO  o.eclipse.m2e.core.internal.Bundles - 	Entry: /Users/johnnytelles/.p2/pool/plugins/org.eclipse.m2e.maven.runtime_3.9.900.20250220-2013/jars/maven-resolver-transport-wagon-1.9.22.jar
2025-10-26 13:25:17,786 [Worker-11: Launching Executing clean in _Users_johnnytelles_Desktop_Q-Chingon-App_loyalty-os] INFO  o.eclipse.m2e.core.internal.Bundles - 	Entry: /Users/johnnytelles/.p2/pool/plugins/org.eclipse.m2e.maven.runtime_3.9.900.20250220-2013/jars/maven-resolver-util-1.9.22.jar
2025-10-26 13:25:17,786 [Worker-11: Launching Executing clean in _Users_johnnytelles_Desktop_Q-Chingon-App_loyalty-os] INFO  o.eclipse.m2e.core.internal.Bundles - 	Entry: /Users/johnnytelles/.p2/pool/plugins/org.eclipse.m2e.maven.runtime_3.9.900.20250220-2013/jars/maven-settings-3.9.9.jar
2025-10-26 13:25:17,786 [Worker-11: Launching Executing clean in _Users_johnnytelles_Desktop_Q-Chingon-App_loyalty-os] INFO  o.eclipse.m2e.core.internal.Bundles - 	Entry: /Users/johnnytelles/.p2/pool/plugins/org.eclipse.m2e.maven.runtime_3.9.900.20250220-2013/jars/maven-settings-builder-3.9.9.jar
2025-10-26 13:25:17,786 [Worker-11: Launching Executing clean in _Users_johnnytelles_Desktop_Q-Chingon-App_loyalty-os] INFO  o.eclipse.m2e.core.internal.Bundles - 	Entry: /Users/johnnytelles/.p2/pool/plugins/org.eclipse.m2e.maven.runtime_3.9.900.20250220-2013/jars/maven-shared-utils-3.4.2.jar
2025-10-26 13:25:17,786 [Worker-11: Launching Executing clean in _Users_johnnytelles_Desktop_Q-Chingon-App_loyalty-os] INFO  o.eclipse.m2e.core.internal.Bundles - 	Entry: /Users/johnnytelles/.p2/pool/plugins/org.eclipse.m2e.maven.runtime_3.9.900.20250220-2013/jars/org.eclipse.sisu.inject-0.9.0.M3.jar
2025-10-26 13:25:17,786 [Worker-11: Launching Executing clean in _Users_johnnytelles_Desktop_Q-Chingon-App_loyalty-os] INFO  o.eclipse.m2e.core.internal.Bundles - 	Entry: /Users/johnnytelles/.p2/pool/plugins/org.eclipse.m2e.maven.runtime_3.9.900.20250220-2013/jars/org.eclipse.sisu.plexus-0.9.0.M3.jar
2025-10-26 13:25:17,786 [Worker-11: Launching Executing clean in _Users_johnnytelles_Desktop_Q-Chingon-App_loyalty-os] INFO  o.eclipse.m2e.core.internal.Bundles - 	Entry: /Users/johnnytelles/.p2/pool/plugins/org.eclipse.m2e.maven.runtime_3.9.900.20250220-2013/jars/plexus-build-api-0.0.7.jar
2025-10-26 13:25:17,786 [Worker-11: Launching Executing clean in _Users_johnnytelles_Desktop_Q-Chingon-App_loyalty-os] INFO  o.eclipse.m2e.core.internal.Bundles - 	Entry: /Users/johnnytelles/.p2/pool/plugins/org.eclipse.m2e.maven.runtime_3.9.900.20250220-2013/jars/plexus-build-api-1.2.0.jar
2025-10-26 13:25:17,786 [Worker-11: Launching Executing clean in _Users_johnnytelles_Desktop_Q-Chingon-App_loyalty-os] INFO  o.eclipse.m2e.core.internal.Bundles - 	Entry: /Users/johnnytelles/.p2/pool/plugins/org.eclipse.m2e.maven.runtime_3.9.900.20250220-2013/jars/plexus-cipher-2.0.jar
2025-10-26 13:25:17,787 [Worker-11: Launching Executing clean in _Users_johnnytelles_Desktop_Q-Chingon-App_loyalty-os] INFO  o.eclipse.m2e.core.internal.Bundles - 	Entry: /Users/johnnytelles/.p2/pool/plugins/org.eclipse.m2e.maven.runtime_3.9.900.20250220-2013/jars/plexus-classworlds-2.8.0.jar
2025-10-26 13:25:17,787 [Worker-11: Launching Executing clean in _Users_johnnytelles_Desktop_Q-Chingon-App_loyalty-os] INFO  o.eclipse.m2e.core.internal.Bundles - 	Entry: /Users/johnnytelles/.p2/pool/plugins/org.eclipse.m2e.maven.runtime_3.9.900.20250220-2013/jars/plexus-component-annotations-2.1.0.jar
2025-10-26 13:25:17,787 [Worker-11: Launching Executing clean in _Users_johnnytelles_Desktop_Q-Chingon-App_loyalty-os] INFO  o.eclipse.m2e.core.internal.Bundles - 	Entry: /Users/johnnytelles/.p2/pool/plugins/org.eclipse.m2e.maven.runtime_3.9.900.20250220-2013/jars/plexus-interpolation-1.27.jar
2025-10-26 13:25:17,787 [Worker-11: Launching Executing clean in _Users_johnnytelles_Desktop_Q-Chingon-App_loyalty-os] INFO  o.eclipse.m2e.core.internal.Bundles - 	Entry: /Users/johnnytelles/.p2/pool/plugins/org.eclipse.m2e.maven.runtime_3.9.900.20250220-2013/jars/plexus-sec-dispatcher-2.0.jar
2025-10-26 13:25:17,787 [Worker-11: Launching Executing clean in _Users_johnnytelles_Desktop_Q-Chingon-App_loyalty-os] INFO  o.eclipse.m2e.core.internal.Bundles - 	Entry: /Users/johnnytelles/.p2/pool/plugins/org.eclipse.m2e.maven.runtime_3.9.900.20250220-2013/jars/plexus-utils-3.5.1.jar
2025-10-26 13:25:17,787 [Worker-11: Launching Executing clean in _Users_johnnytelles_Desktop_Q-Chingon-App_loyalty-os] INFO  o.eclipse.m2e.core.internal.Bundles - 	Entry: /Users/johnnytelles/.p2/pool/plugins/org.eclipse.m2e.maven.runtime_3.9.900.20250220-2013/jars/plexus-xml-3.0.1.jar
2025-10-26 13:25:17,787 [Worker-11: Launching Executing clean in _Users_johnnytelles_Desktop_Q-Chingon-App_loyalty-os] INFO  o.eclipse.m2e.core.internal.Bundles - 	Entry: /Users/johnnytelles/.p2/pool/plugins/org.eclipse.m2e.maven.runtime_3.9.900.20250220-2013/jars/wagon-file-3.5.3.jar
2025-10-26 13:25:17,789 [Worker-11: Launching Executing clean in _Users_johnnytelles_Desktop_Q-Chingon-App_loyalty-os] INFO  o.eclipse.m2e.core.internal.Bundles - 	Entry: /Users/johnnytelles/.p2/pool/plugins/org.eclipse.m2e.maven.runtime_3.9.900.20250220-2013/jars/wagon-http-3.5.3.jar
2025-10-26 13:25:17,789 [Worker-11: Launching Executing clean in _Users_johnnytelles_Desktop_Q-Chingon-App_loyalty-os] INFO  o.eclipse.m2e.core.internal.Bundles - 	Entry: /Users/johnnytelles/.p2/pool/plugins/org.eclipse.m2e.maven.runtime_3.9.900.20250220-2013/jars/wagon-http-shared-3.5.3.jar
2025-10-26 13:25:17,789 [Worker-11: Launching Executing clean in _Users_johnnytelles_Desktop_Q-Chingon-App_loyalty-os] INFO  o.eclipse.m2e.core.internal.Bundles - 	Entry: /Users/johnnytelles/.p2/pool/plugins/org.eclipse.m2e.maven.runtime_3.9.900.20250220-2013/jars/wagon-provider-api-3.5.3.jar
2025-10-26 13:25:17,793 [Worker-11: Launching Executing clean in _Users_johnnytelles_Desktop_Q-Chingon-App_loyalty-os] INFO  o.eclipse.m2e.core.internal.Bundles - getClasspathEntries(Bundle=com.google.guava_33.4.8.jre [13])
2025-10-26 13:25:17,793 [Worker-11: Launching Executing clean in _Users_johnnytelles_Desktop_Q-Chingon-App_loyalty-os] INFO  o.eclipse.m2e.core.internal.Bundles - 	Entry: /Users/johnnytelles/.p2/pool/plugins/com.google.guava_33.4.8.jre.jar
2025-10-26 13:25:17,793 [Worker-11: Launching Executing clean in _Users_johnnytelles_Desktop_Q-Chingon-App_loyalty-os] INFO  o.eclipse.m2e.core.internal.Bundles - getClasspathEntries(Bundle=slf4j.api_2.0.17 [520])
2025-10-26 13:25:17,793 [Worker-11: Launching Executing clean in _Users_johnnytelles_Desktop_Q-Chingon-App_loyalty-os] INFO  o.eclipse.m2e.core.internal.Bundles - 	Entry: /Users/johnnytelles/.p2/pool/plugins/slf4j.api_2.0.17.jar
2025-10-26 13:25:17,793 [Worker-11: Launching Executing clean in _Users_johnnytelles_Desktop_Q-Chingon-App_loyalty-os] INFO  o.eclipse.m2e.core.internal.Bundles - getClasspathEntries(Bundle=jakarta.inject.jakarta.inject-api_1.0.5 [24])
2025-10-26 13:25:17,793 [Worker-11: Launching Executing clean in _Users_johnnytelles_Desktop_Q-Chingon-App_loyalty-os] INFO  o.eclipse.m2e.core.internal.Bundles - 	Entry: /Users/johnnytelles/.p2/pool/plugins/jakarta.inject.jakarta.inject-api_1.0.5.jar
2025-10-26 13:25:17,793 [Worker-11: Launching Executing clean in _Users_johnnytelles_Desktop_Q-Chingon-App_loyalty-os] INFO  o.eclipse.m2e.core.internal.Bundles - getClasspathEntries(Bundle=javax.annotation_1.3.5.v20200909-1856 [27])
2025-10-26 13:25:17,793 [Worker-11: Launching Executing clean in _Users_johnnytelles_Desktop_Q-Chingon-App_loyalty-os] INFO  o.eclipse.m2e.core.internal.Bundles - 	Entry: /Users/johnnytelles/.p2/pool/plugins/javax.annotation_1.3.5.v20200909-1856.jar
2025-10-26 13:25:17,793 [Worker-11: Launching Executing clean in _Users_johnnytelles_Desktop_Q-Chingon-App_loyalty-os] INFO  o.eclipse.m2e.core.internal.Bundles - getClasspathEntries(Bundle=org.apache.commons.cli_1.9.0 [49])
2025-10-26 13:25:17,793 [Worker-11: Launching Executing clean in _Users_johnnytelles_Desktop_Q-Chingon-App_loyalty-os] INFO  o.eclipse.m2e.core.internal.Bundles - 	Entry: /Users/johnnytelles/.p2/pool/plugins/org.apache.commons.cli_1.9.0.jar
2025-10-26 13:25:17,793 [Worker-11: Launching Executing clean in _Users_johnnytelles_Desktop_Q-Chingon-App_loyalty-os] INFO  o.eclipse.m2e.core.internal.Bundles - getClasspathEntries(Bundle=org.apache.commons.commons-codec_1.16.0 [50])
2025-10-26 13:25:17,793 [Worker-11: Launching Executing clean in _Users_johnnytelles_Desktop_Q-Chingon-App_loyalty-os] INFO  o.eclipse.m2e.core.internal.Bundles - 	Entry: /Users/johnnytelles/.p2/pool/plugins/org.apache.commons.commons-codec_1.16.0.jar
2025-10-26 13:25:17,793 [Worker-11: Launching Executing clean in _Users_johnnytelles_Desktop_Q-Chingon-App_loyalty-os] INFO  o.eclipse.m2e.core.internal.Bundles - getClasspathEntries(Bundle=com.google.guava.failureaccess_1.0.3 [14])
2025-10-26 13:25:17,793 [Worker-11: Launching Executing clean in _Users_johnnytelles_Desktop_Q-Chingon-App_loyalty-os] INFO  o.eclipse.m2e.core.internal.Bundles - 	Entry: /Users/johnnytelles/.p2/pool/plugins/com.google.guava.failureaccess_1.0.3.jar
2025-10-26 13:25:17,798 [Worker-11: Launching Executing clean in _Users_johnnytelles_Desktop_Q-Chingon-App_loyalty-os] INFO  o.e.m.i.launch.MavenLaunchDelegate - Run build in "/Users/johnnytelles/Desktop/Q-Chingon-App/loyalty-os":
2025-10-26 13:25:17,812 [Worker-11: Launching Executing clean in _Users_johnnytelles_Desktop_Q-Chingon-App_loyalty-os] INFO  o.e.m.i.launch.MavenLaunchDelegate -  mvn  -Ppom.xml -B -Dstyle.color=always clean
2025-10-26 13:25:20,639 [Worker-16: Building] INFO  o.a.m.s.f.DefaultMavenResourcesFiltering - Copying 1 resource from src/main/resources to target/classes
2025-10-26 13:25:20,648 [Worker-16: Building] INFO  o.a.m.s.f.DefaultMavenResourcesFiltering - Copying 0 resource from src/main/resources to target/classes
2025-10-26 13:25:20,654 [Worker-16: Building] INFO  o.a.m.s.f.DefaultMavenResourcesFiltering - Copying 0 resource from src/test/resources to target/test-classes
2025-10-26 13:25:33,769 [Worker-1: Launching Executing install in _Users_johnnytelles_Desktop_Q-Chingon-App_loyalty-os] INFO  o.eclipse.m2e.core.internal.Bundles - getClasspathEntries(Bundle=org.eclipse.m2e.maven.runtime_3.9.900.20250220-2013 [297])
2025-10-26 13:25:33,770 [Worker-1: Launching Executing install in _Users_johnnytelles_Desktop_Q-Chingon-App_loyalty-os] INFO  o.eclipse.m2e.core.internal.Bundles - 	Entry: /Users/johnnytelles/.p2/pool/plugins/org.eclipse.m2e.maven.runtime_3.9.900.20250220-2013
2025-10-26 13:25:33,771 [Worker-1: Launching Executing install in _Users_johnnytelles_Desktop_Q-Chingon-App_loyalty-os] INFO  o.eclipse.m2e.core.internal.Bundles - 	Entry: /Users/johnnytelles/.p2/pool/plugins/org.eclipse.m2e.maven.runtime_3.9.900.20250220-2013/jars/aopalliance-1.0.jar
2025-10-26 13:25:33,771 [Worker-1: Launching Executing install in _Users_johnnytelles_Desktop_Q-Chingon-App_loyalty-os] INFO  o.eclipse.m2e.core.internal.Bundles - 	Entry: /Users/johnnytelles/.p2/pool/plugins/org.eclipse.m2e.maven.runtime_3.9.900.20250220-2013/jars/guice-5.1.0.jar
2025-10-26 13:25:33,771 [Worker-1: Launching Executing install in _Users_johnnytelles_Desktop_Q-Chingon-App_loyalty-os] INFO  o.eclipse.m2e.core.internal.Bundles - 	Entry: /Users/johnnytelles/.p2/pool/plugins/org.eclipse.m2e.maven.runtime_3.9.900.20250220-2013/jars/httpclient-4.5.14.jar
2025-10-26 13:25:33,771 [Worker-1: Launching Executing install in _Users_johnnytelles_Desktop_Q-Chingon-App_loyalty-os] INFO  o.eclipse.m2e.core.internal.Bundles - 	Entry: /Users/johnnytelles/.p2/pool/plugins/org.eclipse.m2e.maven.runtime_3.9.900.20250220-2013/jars/httpcore-4.4.16.jar
2025-10-26 13:25:33,771 [Worker-1: Launching Executing install in _Users_johnnytelles_Desktop_Q-Chingon-App_loyalty-os] INFO  o.eclipse.m2e.core.internal.Bundles - 	Entry: /Users/johnnytelles/.p2/pool/plugins/org.eclipse.m2e.maven.runtime_3.9.900.20250220-2013/jars/jansi-2.4.1.jar
2025-10-26 13:25:33,771 [Worker-1: Launching Executing install in _Users_johnnytelles_Desktop_Q-Chingon-App_loyalty-os] INFO  o.eclipse.m2e.core.internal.Bundles - 	Entry: /Users/johnnytelles/.p2/pool/plugins/org.eclipse.m2e.maven.runtime_3.9.900.20250220-2013/jars/jcl-over-slf4j-1.7.36.jar
2025-10-26 13:25:33,771 [Worker-1: Launching Executing install in _Users_johnnytelles_Desktop_Q-Chingon-App_loyalty-os] INFO  o.eclipse.m2e.core.internal.Bundles - 	Entry: /Users/johnnytelles/.p2/pool/plugins/org.eclipse.m2e.maven.runtime_3.9.900.20250220-2013/jars/maven-artifact-3.9.9.jar
2025-10-26 13:25:33,771 [Worker-1: Launching Executing install in _Users_johnnytelles_Desktop_Q-Chingon-App_loyalty-os] INFO  o.eclipse.m2e.core.internal.Bundles - 	Entry: /Users/johnnytelles/.p2/pool/plugins/org.eclipse.m2e.maven.runtime_3.9.900.20250220-2013/jars/maven-builder-support-3.9.9.jar
2025-10-26 13:25:33,771 [Worker-1: Launching Executing install in _Users_johnnytelles_Desktop_Q-Chingon-App_loyalty-os] INFO  o.eclipse.m2e.core.internal.Bundles - 	Entry: /Users/johnnytelles/.p2/pool/plugins/org.eclipse.m2e.maven.runtime_3.9.900.20250220-2013/jars/maven-compat-3.9.9.jar
2025-10-26 13:25:33,772 [Worker-1: Launching Executing install in _Users_johnnytelles_Desktop_Q-Chingon-App_loyalty-os] INFO  o.eclipse.m2e.core.internal.Bundles - 	Entry: /Users/johnnytelles/.p2/pool/plugins/org.eclipse.m2e.maven.runtime_3.9.900.20250220-2013/jars/maven-core-3.9.9.jar
2025-10-26 13:25:33,772 [Worker-1: Launching Executing install in _Users_johnnytelles_Desktop_Q-Chingon-App_loyalty-os] INFO  o.eclipse.m2e.core.internal.Bundles - 	Entry: /Users/johnnytelles/.p2/pool/plugins/org.eclipse.m2e.maven.runtime_3.9.900.20250220-2013/jars/maven-embedder-3.9.9.jar
2025-10-26 13:25:33,772 [Worker-1: Launching Executing install in _Users_johnnytelles_Desktop_Q-Chingon-App_loyalty-os] INFO  o.eclipse.m2e.core.internal.Bundles - 	Entry: /Users/johnnytelles/.p2/pool/plugins/org.eclipse.m2e.maven.runtime_3.9.900.20250220-2013/jars/maven-model-3.9.9.jar
2025-10-26 13:25:33,772 [Worker-1: Launching Executing install in _Users_johnnytelles_Desktop_Q-Chingon-App_loyalty-os] INFO  o.eclipse.m2e.core.internal.Bundles - 	Entry: /Users/johnnytelles/.p2/pool/plugins/org.eclipse.m2e.maven.runtime_3.9.900.20250220-2013/jars/maven-model-builder-3.9.9.jar
2025-10-26 13:25:33,772 [Worker-1: Launching Executing install in _Users_johnnytelles_Desktop_Q-Chingon-App_loyalty-os] INFO  o.eclipse.m2e.core.internal.Bundles - 	Entry: /Users/johnnytelles/.p2/pool/plugins/org.eclipse.m2e.maven.runtime_3.9.900.20250220-2013/jars/maven-plugin-api-3.9.9.jar
2025-10-26 13:25:33,772 [Worker-1: Launching Executing install in _Users_johnnytelles_Desktop_Q-Chingon-App_loyalty-os] INFO  o.eclipse.m2e.core.internal.Bundles - 	Entry: /Users/johnnytelles/.p2/pool/plugins/org.eclipse.m2e.maven.runtime_3.9.900.20250220-2013/jars/maven-repository-metadata-3.9.9.jar
2025-10-26 13:25:33,772 [Worker-1: Launching Executing install in _Users_johnnytelles_Desktop_Q-Chingon-App_loyalty-os] INFO  o.eclipse.m2e.core.internal.Bundles - 	Entry: /Users/johnnytelles/.p2/pool/plugins/org.eclipse.m2e.maven.runtime_3.9.900.20250220-2013/jars/maven-resolver-api-1.9.22.jar
2025-10-26 13:25:33,772 [Worker-1: Launching Executing install in _Users_johnnytelles_Desktop_Q-Chingon-App_loyalty-os] INFO  o.eclipse.m2e.core.internal.Bundles - 	Entry: /Users/johnnytelles/.p2/pool/plugins/org.eclipse.m2e.maven.runtime_3.9.900.20250220-2013/jars/maven-resolver-connector-basic-1.9.22.jar
2025-10-26 13:25:33,772 [Worker-1: Launching Executing install in _Users_johnnytelles_Desktop_Q-Chingon-App_loyalty-os] INFO  o.eclipse.m2e.core.internal.Bundles - 	Entry: /Users/johnnytelles/.p2/pool/plugins/org.eclipse.m2e.maven.runtime_3.9.900.20250220-2013/jars/maven-resolver-impl-1.9.22.jar
2025-10-26 13:25:33,772 [Worker-1: Launching Executing install in _Users_johnnytelles_Desktop_Q-Chingon-App_loyalty-os] INFO  o.eclipse.m2e.core.internal.Bundles - 	Entry: /Users/johnnytelles/.p2/pool/plugins/org.eclipse.m2e.maven.runtime_3.9.900.20250220-2013/jars/maven-resolver-named-locks-1.9.22.jar
2025-10-26 13:25:33,773 [Worker-1: Launching Executing install in _Users_johnnytelles_Desktop_Q-Chingon-App_loyalty-os] INFO  o.eclipse.m2e.core.internal.Bundles - 	Entry: /Users/johnnytelles/.p2/pool/plugins/org.eclipse.m2e.maven.runtime_3.9.900.20250220-2013/jars/maven-resolver-provider-3.9.9.jar
2025-10-26 13:25:33,774 [Worker-1: Launching Executing install in _Users_johnnytelles_Desktop_Q-Chingon-App_loyalty-os] INFO  o.eclipse.m2e.core.internal.Bundles - 	Entry: /Users/johnnytelles/.p2/pool/plugins/org.eclipse.m2e.maven.runtime_3.9.900.20250220-2013/jars/maven-resolver-spi-1.9.22.jar
2025-10-26 13:25:33,774 [Worker-1: Launching Executing install in _Users_johnnytelles_Desktop_Q-Chingon-App_loyalty-os] INFO  o.eclipse.m2e.core.internal.Bundles - 	Entry: /Users/johnnytelles/.p2/pool/plugins/org.eclipse.m2e.maven.runtime_3.9.900.20250220-2013/jars/maven-resolver-transport-file-1.9.22.jar
2025-10-26 13:25:33,774 [Worker-1: Launching Executing install in _Users_johnnytelles_Desktop_Q-Chingon-App_loyalty-os] INFO  o.eclipse.m2e.core.internal.Bundles - 	Entry: /Users/johnnytelles/.p2/pool/plugins/org.eclipse.m2e.maven.runtime_3.9.900.20250220-2013/jars/maven-resolver-transport-http-1.9.22.jar
2025-10-26 13:25:33,774 [Worker-1: Launching Executing install in _Users_johnnytelles_Desktop_Q-Chingon-App_loyalty-os] INFO  o.eclipse.m2e.core.internal.Bundles - 	Entry: /Users/johnnytelles/.p2/pool/plugins/org.eclipse.m2e.maven.runtime_3.9.900.20250220-2013/jars/maven-resolver-transport-wagon-1.9.22.jar
2025-10-26 13:25:33,774 [Worker-1: Launching Executing install in _Users_johnnytelles_Desktop_Q-Chingon-App_loyalty-os] INFO  o.eclipse.m2e.core.internal.Bundles - 	Entry: /Users/johnnytelles/.p2/pool/plugins/org.eclipse.m2e.maven.runtime_3.9.900.20250220-2013/jars/maven-resolver-util-1.9.22.jar
2025-10-26 13:25:33,774 [Worker-1: Launching Executing install in _Users_johnnytelles_Desktop_Q-Chingon-App_loyalty-os] INFO  o.eclipse.m2e.core.internal.Bundles - 	Entry: /Users/johnnytelles/.p2/pool/plugins/org.eclipse.m2e.maven.runtime_3.9.900.20250220-2013/jars/maven-settings-3.9.9.jar
2025-10-26 13:25:33,774 [Worker-1: Launching Executing install in _Users_johnnytelles_Desktop_Q-Chingon-App_loyalty-os] INFO  o.eclipse.m2e.core.internal.Bundles - 	Entry: /Users/johnnytelles/.p2/pool/plugins/org.eclipse.m2e.maven.runtime_3.9.900.20250220-2013/jars/maven-settings-builder-3.9.9.jar
2025-10-26 13:25:33,774 [Worker-1: Launching Executing install in _Users_johnnytelles_Desktop_Q-Chingon-App_loyalty-os] INFO  o.eclipse.m2e.core.internal.Bundles - 	Entry: /Users/johnnytelles/.p2/pool/plugins/org.eclipse.m2e.maven.runtime_3.9.900.20250220-2013/jars/maven-shared-utils-3.4.2.jar
2025-10-26 13:25:33,774 [Worker-1: Launching Executing install in _Users_johnnytelles_Desktop_Q-Chingon-App_loyalty-os] INFO  o.eclipse.m2e.core.internal.Bundles - 	Entry: /Users/johnnytelles/.p2/pool/plugins/org.eclipse.m2e.maven.runtime_3.9.900.20250220-2013/jars/org.eclipse.sisu.inject-0.9.0.M3.jar
2025-10-26 13:25:33,774 [Worker-1: Launching Executing install in _Users_johnnytelles_Desktop_Q-Chingon-App_loyalty-os] INFO  o.eclipse.m2e.core.internal.Bundles - 	Entry: /Users/johnnytelles/.p2/pool/plugins/org.eclipse.m2e.maven.runtime_3.9.900.20250220-2013/jars/org.eclipse.sisu.plexus-0.9.0.M3.jar
2025-10-26 13:25:33,774 [Worker-1: Launching Executing install in _Users_johnnytelles_Desktop_Q-Chingon-App_loyalty-os] INFO  o.eclipse.m2e.core.internal.Bundles - 	Entry: /Users/johnnytelles/.p2/pool/plugins/org.eclipse.m2e.maven.runtime_3.9.900.20250220-2013/jars/plexus-build-api-0.0.7.jar
2025-10-26 13:25:33,774 [Worker-1: Launching Executing install in _Users_johnnytelles_Desktop_Q-Chingon-App_loyalty-os] INFO  o.eclipse.m2e.core.internal.Bundles - 	Entry: /Users/johnnytelles/.p2/pool/plugins/org.eclipse.m2e.maven.runtime_3.9.900.20250220-2013/jars/plexus-build-api-1.2.0.jar
2025-10-26 13:25:33,774 [Worker-1: Launching Executing install in _Users_johnnytelles_Desktop_Q-Chingon-App_loyalty-os] INFO  o.eclipse.m2e.core.internal.Bundles - 	Entry: /Users/johnnytelles/.p2/pool/plugins/org.eclipse.m2e.maven.runtime_3.9.900.20250220-2013/jars/plexus-cipher-2.0.jar
2025-10-26 13:25:33,774 [Worker-1: Launching Executing install in _Users_johnnytelles_Desktop_Q-Chingon-App_loyalty-os] INFO  o.eclipse.m2e.core.internal.Bundles - 	Entry: /Users/johnnytelles/.p2/pool/plugins/org.eclipse.m2e.maven.runtime_3.9.900.20250220-2013/jars/plexus-classworlds-2.8.0.jar
2025-10-26 13:25:33,774 [Worker-1: Launching Executing install in _Users_johnnytelles_Desktop_Q-Chingon-App_loyalty-os] INFO  o.eclipse.m2e.core.internal.Bundles - 	Entry: /Users/johnnytelles/.p2/pool/plugins/org.eclipse.m2e.maven.runtime_3.9.900.20250220-2013/jars/plexus-component-annotations-2.1.0.jar
2025-10-26 13:25:33,774 [Worker-1: Launching Executing install in _Users_johnnytelles_Desktop_Q-Chingon-App_loyalty-os] INFO  o.eclipse.m2e.core.internal.Bundles - 	Entry: /Users/johnnytelles/.p2/pool/plugins/org.eclipse.m2e.maven.runtime_3.9.900.20250220-2013/jars/plexus-interpolation-1.27.jar
2025-10-26 13:25:33,774 [Worker-1: Launching Executing install in _Users_johnnytelles_Desktop_Q-Chingon-App_loyalty-os] INFO  o.eclipse.m2e.core.internal.Bundles - 	Entry: /Users/johnnytelles/.p2/pool/plugins/org.eclipse.m2e.maven.runtime_3.9.900.20250220-2013/jars/plexus-sec-dispatcher-2.0.jar
2025-10-26 13:25:33,774 [Worker-1: Launching Executing install in _Users_johnnytelles_Desktop_Q-Chingon-App_loyalty-os] INFO  o.eclipse.m2e.core.internal.Bundles - 	Entry: /Users/johnnytelles/.p2/pool/plugins/org.eclipse.m2e.maven.runtime_3.9.900.20250220-2013/jars/plexus-utils-3.5.1.jar
2025-10-26 13:25:33,775 [Worker-1: Launching Executing install in _Users_johnnytelles_Desktop_Q-Chingon-App_loyalty-os] INFO  o.eclipse.m2e.core.internal.Bundles - 	Entry: /Users/johnnytelles/.p2/pool/plugins/org.eclipse.m2e.maven.runtime_3.9.900.20250220-2013/jars/plexus-xml-3.0.1.jar
2025-10-26 13:25:33,775 [Worker-1: Launching Executing install in _Users_johnnytelles_Desktop_Q-Chingon-App_loyalty-os] INFO  o.eclipse.m2e.core.internal.Bundles - 	Entry: /Users/johnnytelles/.p2/pool/plugins/org.eclipse.m2e.maven.runtime_3.9.900.20250220-2013/jars/wagon-file-3.5.3.jar
2025-10-26 13:25:33,775 [Worker-1: Launching Executing install in _Users_johnnytelles_Desktop_Q-Chingon-App_loyalty-os] INFO  o.eclipse.m2e.core.internal.Bundles - 	Entry: /Users/johnnytelles/.p2/pool/plugins/org.eclipse.m2e.maven.runtime_3.9.900.20250220-2013/jars/wagon-http-3.5.3.jar
2025-10-26 13:25:33,776 [Worker-1: Launching Executing install in _Users_johnnytelles_Desktop_Q-Chingon-App_loyalty-os] INFO  o.eclipse.m2e.core.internal.Bundles - 	Entry: /Users/johnnytelles/.p2/pool/plugins/org.eclipse.m2e.maven.runtime_3.9.900.20250220-2013/jars/wagon-http-shared-3.5.3.jar
2025-10-26 13:25:33,776 [Worker-1: Launching Executing install in _Users_johnnytelles_Desktop_Q-Chingon-App_loyalty-os] INFO  o.eclipse.m2e.core.internal.Bundles - 	Entry: /Users/johnnytelles/.p2/pool/plugins/org.eclipse.m2e.maven.runtime_3.9.900.20250220-2013/jars/wagon-provider-api-3.5.3.jar
2025-10-26 13:25:33,776 [Worker-1: Launching Executing install in _Users_johnnytelles_Desktop_Q-Chingon-App_loyalty-os] INFO  o.eclipse.m2e.core.internal.Bundles - getClasspathEntries(Bundle=com.google.guava_33.4.8.jre [13])
2025-10-26 13:25:33,777 [Worker-1: Launching Executing install in _Users_johnnytelles_Desktop_Q-Chingon-App_loyalty-os] INFO  o.eclipse.m2e.core.internal.Bundles - 	Entry: /Users/johnnytelles/.p2/pool/plugins/com.google.guava_33.4.8.jre.jar
2025-10-26 13:25:33,777 [Worker-1: Launching Executing install in _Users_johnnytelles_Desktop_Q-Chingon-App_loyalty-os] INFO  o.eclipse.m2e.core.internal.Bundles - getClasspathEntries(Bundle=slf4j.api_2.0.17 [520])
2025-10-26 13:25:33,777 [Worker-1: Launching Executing install in _Users_johnnytelles_Desktop_Q-Chingon-App_loyalty-os] INFO  o.eclipse.m2e.core.internal.Bundles - 	Entry: /Users/johnnytelles/.p2/pool/plugins/slf4j.api_2.0.17.jar
2025-10-26 13:25:33,777 [Worker-1: Launching Executing install in _Users_johnnytelles_Desktop_Q-Chingon-App_loyalty-os] INFO  o.eclipse.m2e.core.internal.Bundles - getClasspathEntries(Bundle=jakarta.inject.jakarta.inject-api_1.0.5 [24])
2025-10-26 13:25:33,777 [Worker-1: Launching Executing install in _Users_johnnytelles_Desktop_Q-Chingon-App_loyalty-os] INFO  o.eclipse.m2e.core.internal.Bundles - 	Entry: /Users/johnnytelles/.p2/pool/plugins/jakarta.inject.jakarta.inject-api_1.0.5.jar
2025-10-26 13:25:33,777 [Worker-1: Launching Executing install in _Users_johnnytelles_Desktop_Q-Chingon-App_loyalty-os] INFO  o.eclipse.m2e.core.internal.Bundles - getClasspathEntries(Bundle=javax.annotation_1.3.5.v20200909-1856 [27])
2025-10-26 13:25:33,778 [Worker-1: Launching Executing install in _Users_johnnytelles_Desktop_Q-Chingon-App_loyalty-os] INFO  o.eclipse.m2e.core.internal.Bundles - 	Entry: /Users/johnnytelles/.p2/pool/plugins/javax.annotation_1.3.5.v20200909-1856.jar
2025-10-26 13:25:33,778 [Worker-1: Launching Executing install in _Users_johnnytelles_Desktop_Q-Chingon-App_loyalty-os] INFO  o.eclipse.m2e.core.internal.Bundles - getClasspathEntries(Bundle=org.apache.commons.cli_1.9.0 [49])
2025-10-26 13:25:33,778 [Worker-1: Launching Executing install in _Users_johnnytelles_Desktop_Q-Chingon-App_loyalty-os] INFO  o.eclipse.m2e.core.internal.Bundles - 	Entry: /Users/johnnytelles/.p2/pool/plugins/org.apache.commons.cli_1.9.0.jar
2025-10-26 13:25:33,778 [Worker-1: Launching Executing install in _Users_johnnytelles_Desktop_Q-Chingon-App_loyalty-os] INFO  o.eclipse.m2e.core.internal.Bundles - getClasspathEntries(Bundle=org.apache.commons.commons-codec_1.16.0 [50])
2025-10-26 13:25:33,778 [Worker-1: Launching Executing install in _Users_johnnytelles_Desktop_Q-Chingon-App_loyalty-os] INFO  o.eclipse.m2e.core.internal.Bundles - 	Entry: /Users/johnnytelles/.p2/pool/plugins/org.apache.commons.commons-codec_1.16.0.jar
2025-10-26 13:25:33,778 [Worker-1: Launching Executing install in _Users_johnnytelles_Desktop_Q-Chingon-App_loyalty-os] INFO  o.eclipse.m2e.core.internal.Bundles - getClasspathEntries(Bundle=com.google.guava.failureaccess_1.0.3 [14])
2025-10-26 13:25:33,778 [Worker-1: Launching Executing install in _Users_johnnytelles_Desktop_Q-Chingon-App_loyalty-os] INFO  o.eclipse.m2e.core.internal.Bundles - 	Entry: /Users/johnnytelles/.p2/pool/plugins/com.google.guava.failureaccess_1.0.3.jar
2025-10-26 13:25:33,782 [Worker-1: Launching Executing install in _Users_johnnytelles_Desktop_Q-Chingon-App_loyalty-os] INFO  o.e.m.i.launch.MavenLaunchDelegate - Run build in "/Users/johnnytelles/Desktop/Q-Chingon-App/loyalty-os":
2025-10-26 13:25:33,783 [Worker-1: Launching Executing install in _Users_johnnytelles_Desktop_Q-Chingon-App_loyalty-os] INFO  o.e.m.i.launch.MavenLaunchDelegate -  mvn  -Ppom.xml -B -Dstyle.color=always install
2025-10-26 13:34:19,751 [Worker-2: Loading available Gradle versions] INFO  o.e.b.c.i.u.g.PublishedGradleVersions - Gradle version information cache is up-to-date. Trying to read.
